<?xml version="1.0" encoding="UTF-8"?>
<!-- Generated by org.testng.reporters.JUnitReportReporter -->
<testsuite skipped="0" hostname="DESKTOP-8N8BD9R" name="General_practice.Regular_exp" tests="1" failures="0" timestamp="2020-05-20T21:55:48 IST" time="0.136" errors="0">
  <testcase name="method" time="0.136" classname="General_practice.Regular_exp"/>
  <system-out/>
</testsuite> <!-- General_practice.Regular_exp -->
