<?xml version="1.0" encoding="UTF-8"?>
<!-- Generated by org.testng.reporters.JUnitReportReporter -->
<testsuite skipped="0" hostname="DESKTOP-8N8BD9R" name="assignment.Checkboxes" tests="1" failures="0" timestamp="2020-05-22T22:05:31 IST" time="4.144" errors="0">
  <testcase name="checkbox" time="4.144" classname="assignment.Checkboxes"/>
  <system-out/>
</testsuite> <!-- assignment.Checkboxes -->
